# JRE version: Java(TM) SE Runtime Environment 18.9 (11.0.15+8) (build 11.0.15+8-LTS-149)
# Java VM: Java HotSpot(TM) 64-Bit Server VM 18.9 (11.0.15+8-LTS-149, mixed mode, tiered, compressed oops, g1 gc, windows-amd64)
Heap:
 garbage-first heap   total 315392K, used 118376K [0x0000000700e00000, 0x0000000800000000)
  region size 1024K, 67 young (68608K), 2 survivors (2048K)
 Metaspace       used 62788K, capacity 63594K, committed 63880K, reserved 1105920K
  class space    used 6872K, capacity 7177K, committed 7296K, reserved 1048576K
GC Heap History (10 events):
Event: 1.920 GC heap before
{Heap before GC invocations=4 (full 0):
 garbage-first heap   total 262144K, used 28297K [0x0000000700e00000, 0x0000000800000000)
  region size 1024K, 12 young (12288K), 8 survivors (8192K)
 Metaspace       used 34651K, capacity 35082K, committed 35248K, reserved 1079296K
  class space    used 4299K, capacity 4523K, committed 4608K, reserved 1048576K
}
Event: 1.926 GC heap after
{Heap after GC invocations=5 (full 0):
 garbage-first heap   total 262144K, used 25791K [0x0000000700e00000, 0x0000000800000000)
  region size 1024K, 2 young (2048K), 2 survivors (2048K)
 Metaspace       used 34651K, capacity 35082K, committed 35248K, reserved 1079296K
  class space    used 4299K, capacity 4523K, committed 4608K, reserved 1048576K
}
Event: 2.068 GC heap before
{Heap before GC invocations=5 (full 0):
 garbage-first heap   total 262144K, used 29887K [0x0000000700e00000, 0x0000000800000000)
  region size 1024K, 7 young (7168K), 2 survivors (2048K)
 Metaspace       used 35297K, capacity 35713K, committed 35920K, reserved 1081344K
  class space    used 4332K, capacity 4559K, committed 4608K, reserved 1048576K
}
Event: 2.071 GC heap after
{Heap after GC invocations=6 (full 0):
 garbage-first heap   total 315392K, used 26083K [0x0000000700e00000, 0x0000000800000000)
  region size 1024K, 2 young (2048K), 2 survivors (2048K)
 Metaspace       used 35297K, capacity 35713K, committed 35920K, reserved 1081344K
  class space    used 4332K, capacity 4559K, committed 4608K, reserved 1048576K
}
Event: 3.141 GC heap before
{Heap before GC invocations=7 (full 0):
 garbage-first heap   total 315392K, used 111075K [0x0000000700e00000, 0x0000000800000000)
  region size 1024K, 84 young (86016K), 2 survivors (2048K)
 Metaspace       used 48799K, capacity 49395K, committed 49616K, reserved 1093632K
  class space    used 5744K, capacity 5999K, committed 6016K, reserved 1048576K
}
Event: 3.151 GC heap after
{Heap after GC invocations=8 (full 0):
 garbage-first heap   total 315392K, used 37203K [0x0000000700e00000, 0x0000000800000000)
  region size 1024K, 11 young (11264K), 11 survivors (11264K)
 Metaspace       used 48799K, capacity 49395K, committed 49616K, reserved 1093632K
  class space    used 5744K, capacity 5999K, committed 6016K, reserved 1048576K
}
Event: 4.970 GC heap before
{Heap before GC invocations=8 (full 0):
 garbage-first heap   total 315392K, used 157011K [0x0000000700e00000, 0x0000000800000000)
  region size 1024K, 128 young (131072K), 11 survivors (11264K)
 Metaspace       used 58745K, capacity 59442K, committed 59600K, reserved 1101824K
  class space    used 6671K, capacity 6957K, committed 7040K, reserved 1048576K
}
Event: 4.985 GC heap after
{Heap after GC invocations=9 (full 0):
 garbage-first heap   total 315392K, used 50628K [0x0000000700e00000, 0x0000000800000000)
  region size 1024K, 13 young (13312K), 13 survivors (13312K)
 Metaspace       used 58745K, capacity 59442K, committed 59600K, reserved 1101824K
  class space    used 6671K, capacity 6957K, committed 7040K, reserved 1048576K
}
Event: 5.338 GC heap before
{Heap before GC invocations=9 (full 0):
 garbage-first heap   total 315392K, used 59844K [0x0000000700e00000, 0x0000000800000000)
  region size 1024K, 23 young (23552K), 13 survivors (13312K)
 Metaspace       used 59449K, capacity 60108K, committed 60296K, reserved 1103872K
  class space    used 6680K, capacity 6961K, committed 7040K, reserved 1048576K
}
Event: 5.347 GC heap after
{Heap after GC invocations=10 (full 0):
 garbage-first heap   total 315392K, used 52840K [0x0000000700e00000, 0x0000000800000000)
  region size 1024K, 2 young (2048K), 2 survivors (2048K)
 Metaspace       used 59449K, capacity 60108K, committed 60296K, reserved 1103872K
  class space    used 6680K, capacity 6961K, committed 7040K, reserved 1048576K
}

