# JRE version: Java(TM) SE Runtime Environment 18.9 (11.0.15+8) (build 11.0.15+8-LTS-149)
# Java VM: Java HotSpot(TM) 64-Bit Server VM 18.9 (11.0.15+8-LTS-149, mixed mode, tiered, compressed oops, g1 gc, windows-amd64)
Heap:
 garbage-first heap   total 315392K, used 69632K [0x0000000700e00000, 0x0000000800000000)
  region size 1024K, 44 young (45056K), 7 survivors (7168K)
 Metaspace       used 48820K, capacity 49397K, committed 49616K, reserved 1093632K
  class space    used 5745K, capacity 5999K, committed 6016K, reserved 1048576K
GC Heap History (10 events):
Event: 0.500 GC heap before
{Heap before GC invocations=0 (full 0):
 garbage-first heap   total 262144K, used 28672K [0x0000000700e00000, 0x0000000800000000)
  region size 1024K, 24 young (24576K), 0 survivors (0K)
 Metaspace       used 11899K, capacity 12022K, committed 12288K, reserved 1060864K
  class space    used 1119K, capacity 1175K, committed 1280K, reserved 1048576K
}
Event: 0.503 GC heap after
{Heap after GC invocations=1 (full 0):
 garbage-first heap   total 262144K, used 6747K [0x0000000700e00000, 0x0000000800000000)
  region size 1024K, 3 young (3072K), 3 survivors (3072K)
 Metaspace       used 11899K, capacity 12022K, committed 12288K, reserved 1060864K
  class space    used 1119K, capacity 1175K, committed 1280K, reserved 1048576K
}
Event: 1.108 GC heap before
{Heap before GC invocations=1 (full 0):
 garbage-first heap   total 262144K, used 46683K [0x0000000700e00000, 0x0000000800000000)
  region size 1024K, 43 young (44032K), 3 survivors (3072K)
 Metaspace       used 20895K, capacity 21128K, committed 21296K, reserved 1069056K
  class space    used 2243K, capacity 2350K, committed 2432K, reserved 1048576K
}
Event: 1.115 GC heap after
{Heap after GC invocations=2 (full 0):
 garbage-first heap   total 262144K, used 10901K [0x0000000700e00000, 0x0000000800000000)
  region size 1024K, 7 young (7168K), 7 survivors (7168K)
 Metaspace       used 20895K, capacity 21128K, committed 21296K, reserved 1069056K
  class space    used 2243K, capacity 2350K, committed 2432K, reserved 1048576K
}
Event: 1.933 GC heap before
{Heap before GC invocations=3 (full 0):
 garbage-first heap   total 262144K, used 68245K [0x0000000700e00000, 0x0000000800000000)
  region size 1024K, 59 young (60416K), 7 survivors (7168K)
 Metaspace       used 33030K, capacity 33438K, committed 33584K, reserved 1079296K
  class space    used 3940K, capacity 4168K, committed 4224K, reserved 1048576K
}
Event: 1.945 GC heap after
{Heap after GC invocations=4 (full 0):
 garbage-first heap   total 262144K, used 24032K [0x0000000700e00000, 0x0000000800000000)
  region size 1024K, 8 young (8192K), 8 survivors (8192K)
 Metaspace       used 33030K, capacity 33438K, committed 33584K, reserved 1079296K
  class space    used 3940K, capacity 4168K, committed 4224K, reserved 1048576K
}
Event: 2.175 GC heap before
{Heap before GC invocations=4 (full 0):
 garbage-first heap   total 262144K, used 32224K [0x0000000700e00000, 0x0000000800000000)
  region size 1024K, 17 young (17408K), 8 survivors (8192K)
 Metaspace       used 35300K, capacity 35713K, committed 35920K, reserved 1081344K
  class space    used 4333K, capacity 4559K, committed 4608K, reserved 1048576K
}
Event: 2.182 GC heap after
{Heap after GC invocations=5 (full 0):
 garbage-first heap   total 262144K, used 26608K [0x0000000700e00000, 0x0000000800000000)
  region size 1024K, 3 young (3072K), 3 survivors (3072K)
 Metaspace       used 35300K, capacity 35713K, committed 35920K, reserved 1081344K
  class space    used 4333K, capacity 4559K, committed 4608K, reserved 1048576K
}
Event: 2.918 GC heap before
{Heap before GC invocations=6 (full 0):
 garbage-first heap   total 262144K, used 79856K [0x0000000700e00000, 0x0000000800000000)
  region size 1024K, 55 young (56320K), 3 survivors (3072K)
 Metaspace       used 45018K, capacity 45494K, committed 45904K, reserved 1089536K
  class space    used 5307K, capacity 5535K, committed 5632K, reserved 1048576K
}
Event: 2.924 GC heap after
{Heap after GC invocations=7 (full 0):
 garbage-first heap   total 315392K, used 31744K [0x0000000700e00000, 0x0000000800000000)
  region size 1024K, 7 young (7168K), 7 survivors (7168K)
 Metaspace       used 45018K, capacity 45494K, committed 45904K, reserved 1089536K
  class space    used 5307K, capacity 5535K, committed 5632K, reserved 1048576K
}

