# JRE version: Java(TM) SE Runtime Environment 18.9 (11.0.15+8) (build 11.0.15+8-LTS-149)
# Java VM: Java HotSpot(TM) 64-Bit Server VM 18.9 (11.0.15+8-LTS-149, mixed mode, tiered, compressed oops, g1 gc, windows-amd64)
Heap:
 garbage-first heap   total 262144K, used 4572K [0x0000000700e00000, 0x0000000800000000)
  region size 1024K, 2 young (2048K), 2 survivors (2048K)
 Metaspace       used 21081K, capacity 21445K, committed 21552K, reserved 1079296K
  class space    used 2174K, capacity 2373K, committed 2432K, reserved 1048576K
GC Heap History (6 events):
Event: 0.699 GC heap before
{Heap before GC invocations=0 (full 0):
 garbage-first heap   total 262144K, used 24576K [0x0000000700e00000, 0x0000000800000000)
  region size 1024K, 24 young (24576K), 0 survivors (0K)
 Metaspace       used 13062K, capacity 13301K, committed 13568K, reserved 1060864K
  class space    used 1179K, capacity 1246K, committed 1280K, reserved 1048576K
}
Event: 0.702 GC heap after
{Heap after GC invocations=1 (full 0):
 garbage-first heap   total 262144K, used 2707K [0x0000000700e00000, 0x0000000800000000)
  region size 1024K, 3 young (3072K), 3 survivors (3072K)
 Metaspace       used 13062K, capacity 13301K, committed 13568K, reserved 1060864K
  class space    used 1179K, capacity 1246K, committed 1280K, reserved 1048576K
}
Event: 1.715 GC heap before
{Heap before GC invocations=1 (full 0):
 garbage-first heap   total 262144K, used 27283K [0x0000000700e00000, 0x0000000800000000)
  region size 1024K, 28 young (28672K), 3 survivors (3072K)
 Metaspace       used 20776K, capacity 21157K, committed 21296K, reserved 1069056K
  class space    used 2128K, capacity 2341K, committed 2432K, reserved 1048576K
}
Event: 1.719 GC heap after
{Heap after GC invocations=2 (full 0):
 garbage-first heap   total 262144K, used 4351K [0x0000000700e00000, 0x0000000800000000)
  region size 1024K, 5 young (5120K), 5 survivors (5120K)
 Metaspace       used 20776K, capacity 21157K, committed 21296K, reserved 1069056K
  class space    used 2128K, capacity 2341K, committed 2432K, reserved 1048576K
}
Event: 1.744 GC heap before
{Heap before GC invocations=3 (full 0):
 garbage-first heap   total 262144K, used 6399K [0x0000000700e00000, 0x0000000800000000)
  region size 1024K, 8 young (8192K), 5 survivors (5120K)
 Metaspace       used 21081K, capacity 21445K, committed 21552K, reserved 1077248K
  class space    used 2174K, capacity 2373K, committed 2432K, reserved 1048576K
}
Event: 1.748 GC heap after
{Heap after GC invocations=4 (full 0):
 garbage-first heap   total 262144K, used 4572K [0x0000000700e00000, 0x0000000800000000)
  region size 1024K, 2 young (2048K), 2 survivors (2048K)
 Metaspace       used 21081K, capacity 21445K, committed 21552K, reserved 1077248K
  class space    used 2174K, capacity 2373K, committed 2432K, reserved 1048576K
}

